<?xml version="1.0" encoding="UTF-8"?>
<!-- Generated by org.testng.reporters.JUnitReportReporter -->
<testsuite hostname="Asshu" failures="0" tests="2" name="flipkart.assesment.testCases.TestCase" time="24.455" errors="0" timestamp="2023-06-09T16:53:55 IST" skipped="0">
  <testcase classname="flipkart.assesment.testCases.TestCase" name="scenario1" time="12.373"/>
  <system-out/>
  <testcase classname="flipkart.assesment.testCases.TestCase" name="scenario1" time="12.082"/>
  <system-out/>
</testsuite> <!-- flipkart.assesment.testCases.TestCase -->
